<?xml version="1.0" encoding="UTF-8"?>
<testng-results ignored="0" total="1" passed="1" failed="0" skipped="0">
  <reporter-output>
  </reporter-output>
  <suite started-at="2026-03-04T09:20:02 EET" name="Surefire suite" finished-at="2026-03-04T09:20:39 EET" duration-ms="37848">
    <groups>
    </groups>
    <test started-at="2026-03-04T09:20:02 EET" name="Surefire test" finished-at="2026-03-04T09:20:39 EET" duration-ms="37848">
      <class name="com.example.testng.FormTest">
        <test-method is-config="true" signature="beforeMethod()[pri:0, instance:com.example.testng.FormTest@6cf0a747]" started-at="2026-03-04T09:20:02 EET" name="beforeMethod" finished-at="2026-03-04T09:20:05 EET" duration-ms="3118" status="PASS">
          <reporter-output>
          </reporter-output>
        </test-method> <!-- beforeMethod -->
        <test-method signature="formTest()[pri:0, instance:com.example.testng.FormTest@6cf0a747]" started-at="2026-03-04T09:20:05 EET" name="formTest" finished-at="2026-03-04T09:20:39 EET" duration-ms="33805" status="PASS">
          <reporter-output>
          </reporter-output>
        </test-method> <!-- formTest -->
        <test-method is-config="true" signature="afterMethod()[pri:0, instance:com.example.testng.FormTest@6cf0a747]" started-at="2026-03-04T09:20:39 EET" name="afterMethod" finished-at="2026-03-04T09:20:39 EET" duration-ms="514" status="PASS">
          <reporter-output>
          </reporter-output>
        </test-method> <!-- afterMethod -->
      </class> <!-- com.example.testng.FormTest -->
    </test> <!-- Surefire test -->
  </suite> <!-- Surefire suite -->
</testng-results>
